<?xml version="1.0" encoding="UTF-8"?>
<testng-results skipped="0" failed="0" ignored="0" total="1" passed="1">
  <reporter-output>
  </reporter-output>
  <suite name="Default suite" duration-ms="70775" started-at="2021-04-12T08:14:00Z" finished-at="2021-04-12T08:15:10Z">
    <groups>
    </groups>
    <test name="Default test" duration-ms="70775" started-at="2021-04-12T08:14:00Z" finished-at="2021-04-12T08:15:10Z">
      <class name="EXCUTE.ecommerce">
        <test-method status="PASS" signature="innit()[pri:0, instance:EXCUTE.ecommerce@63a65a25]" name="innit" is-config="true" duration-ms="2962" started-at="2021-04-12T08:14:00Z" finished-at="2021-04-12T08:14:03Z">
          <reporter-output>
          </reporter-output>
        </test-method> <!-- innit -->
        <test-method status="PASS" signature="Test()[pri:0, instance:EXCUTE.ecommerce@63a65a25]" name="Test" duration-ms="67801" started-at="2021-04-12T08:14:03Z" finished-at="2021-04-12T08:15:10Z">
          <reporter-output>
          </reporter-output>
        </test-method> <!-- Test -->
      </class> <!-- EXCUTE.ecommerce -->
    </test> <!-- Default test -->
  </suite> <!-- Default suite -->
</testng-results>
