<?xml version="1.0" encoding="UTF-8"?>
<testng-results skipped="0" failed="0" ignored="0" total="1" passed="1">
  <reporter-output>
  </reporter-output>
  <suite name="Default suite" duration-ms="2606" started-at="2021-04-11T13:30:07Z" finished-at="2021-04-11T13:30:10Z">
    <groups>
    </groups>
    <test name="Default test" duration-ms="2606" started-at="2021-04-11T13:30:07Z" finished-at="2021-04-11T13:30:10Z">
      <class name="API.TaskApi">
        <test-method status="PASS" signature="getAllTasks()[pri:0, instance:API.TaskApi@36c88a32]" name="getAllTasks" duration-ms="2590" started-at="2021-04-11T13:30:07Z" finished-at="2021-04-11T13:30:10Z">
          <reporter-output>
          </reporter-output>
        </test-method> <!-- getAllTasks -->
      </class> <!-- API.TaskApi -->
    </test> <!-- Default test -->
  </suite> <!-- Default suite -->
</testng-results>
